<?xml version="1.0" encoding="UTF-8"?>
<!-- Generated by org.testng.reporters.JUnitXMLReporter -->
<testsuite ignored="0" hostname="MacBook-Pro" failures="0" tests="12" name="Sauce Demo Tests One" time="64.056" errors="0" timestamp="2023-10-06T12:17:52 IST">
  <testcase classname="com.saucedemo.qa.testcases.HomePageTest" name="verifyRemoveProductFromCart" time="0.208"/>
  <testcase classname="com.saucedemo.qa.testcases.InventoryPageTest" name="verifySortProductsAndAddToCart" time="0.733"/>
  <testcase classname="com.saucedemo.qa.testcases.LoginTest" name="verifyValidLoginDetailsAndLogout" time="0.571"/>
  <testcase classname="com.saucedemo.qa.testcases.InventoryPageTest" name="verifyAddMultipleProducts" time="1.476"/>
  <testcase classname="com.saucedemo.qa.testcases.HomePageTest" name="verifyEndToEndFlow" time="1.095"/>
  <testcase classname="com.saucedemo.qa.testcases.LoginTest" name="verifyInvalidLoginDetails" time="0.339"/>
  <testcase classname="com.saucedemo.qa.testcases.LoginTest" name="verifyCombinationsOfLoginDetails" time="0.554"/>
  <testcase classname="com.saucedemo.qa.testcases.LoginTest" name="verifyCombinationsOfLoginDetails" time="0.386"/>
  <testcase classname="com.saucedemo.qa.testcases.LoginTest" name="verifyCombinationsOfLoginDetails" time="0.445"/>
  <testcase classname="com.saucedemo.qa.testcases.LoginTest" name="verifyCombinationsOfLoginDetails" time="0.435"/>
  <testcase classname="com.saucedemo.qa.testcases.LoginTest" name="verifyCombinationsOfLoginDetails" time="5.269"/>
  <testcase classname="com.saucedemo.qa.testcases.LoginTest" name="verifyWithouUsernameAndPassword" time="0.247"/>
</testsuite> <!-- Sauce Demo Tests One -->
