<?xml version="1.0" encoding="UTF-8"?>
<!-- Generated by org.testng.reporters.JUnitXMLReporter -->
<testsuite ignored="0" hostname="MacBook-Pro" failures="0" tests="10" name="Sauce Demo Tests Two" time="59.114" errors="0" timestamp="2023-10-06T12:17:48 IST">
  <testcase classname="com.saucedemo.qa.testcases.InventoryPageTest" name="verifySortProductsAndAddToCart" time="0.756"/>
  <testcase classname="com.saucedemo.qa.testcases.LoginTest" name="verifyValidLoginDetailsAndLogout" time="0.666"/>
  <testcase classname="com.saucedemo.qa.testcases.InventoryPageTest" name="verifyAddMultipleProducts" time="1.082"/>
  <testcase classname="com.saucedemo.qa.testcases.LoginTest" name="verifyInvalidLoginDetails" time="0.509"/>
  <testcase classname="com.saucedemo.qa.testcases.LoginTest" name="verifyCombinationsOfLoginDetails" time="0.288"/>
  <testcase classname="com.saucedemo.qa.testcases.LoginTest" name="verifyCombinationsOfLoginDetails" time="0.329"/>
  <testcase classname="com.saucedemo.qa.testcases.LoginTest" name="verifyCombinationsOfLoginDetails" time="0.374"/>
  <testcase classname="com.saucedemo.qa.testcases.LoginTest" name="verifyCombinationsOfLoginDetails" time="0.552"/>
  <testcase classname="com.saucedemo.qa.testcases.LoginTest" name="verifyCombinationsOfLoginDetails" time="5.501"/>
  <testcase classname="com.saucedemo.qa.testcases.LoginTest" name="verifyWithouUsernameAndPassword" time="0.24"/>
</testsuite> <!-- Sauce Demo Tests Two -->
