<?xml version="1.0" encoding="UTF-8"?>
<!-- Generated by org.testng.reporters.JUnitXMLReporter -->
<testsuite ignored="0" hostname="MacBook-Pro" failures="0" tests="8" name="Sauce Demo Tests Safari" time="31.928" errors="0" timestamp="2023-10-07T12:08:25 IST">
  <testcase classname="com.saucedemo.qa.testcases.LoginTest" name="verifyValidLoginDetailsAndLogout" time="0.603"/>
  <testcase classname="com.saucedemo.qa.testcases.LoginTest" name="verifyInvalidLoginDetails" time="0.392"/>
  <testcase classname="com.saucedemo.qa.testcases.LoginTest" name="verifyCombinationsOfLoginDetails" time="0.528"/>
  <testcase classname="com.saucedemo.qa.testcases.LoginTest" name="verifyCombinationsOfLoginDetails" time="0.383"/>
  <testcase classname="com.saucedemo.qa.testcases.LoginTest" name="verifyCombinationsOfLoginDetails" time="0.395"/>
  <testcase classname="com.saucedemo.qa.testcases.LoginTest" name="verifyCombinationsOfLoginDetails" time="0.44"/>
  <testcase classname="com.saucedemo.qa.testcases.LoginTest" name="verifyCombinationsOfLoginDetails" time="5.437"/>
  <testcase classname="com.saucedemo.qa.testcases.LoginTest" name="verifyWithouUsernameAndPassword" time="0.252"/>
</testsuite> <!-- Sauce Demo Tests Safari -->
