<?xml version="1.0" encoding="UTF-8"?>
<!-- Generated by org.testng.reporters.JUnitXMLReporter -->
<testsuite ignored="0" hostname="MacBook-Pro" failures="0" tests="12" name="Sauce Demo Tests Chrome" time="48.538" errors="0" timestamp="2023-10-07T12:10:28 IST">
  <testcase classname="com.saucedemo.qa.testcases.HomePageTest" name="verifyRemoveProductFromCart" time="0.221"/>
  <testcase classname="com.saucedemo.qa.testcases.InventoryPageTest" name="verifySortProductsAndAddToCart" time="0.604"/>
  <testcase classname="com.saucedemo.qa.testcases.LoginTest" name="verifyValidLoginDetailsAndLogout" time="0.563"/>
  <testcase classname="com.saucedemo.qa.testcases.InventoryPageTest" name="verifyAddMultipleProducts" time="0.794"/>
  <testcase classname="com.saucedemo.qa.testcases.HomePageTest" name="verifyEndToEndFlow" time="0.749"/>
  <testcase classname="com.saucedemo.qa.testcases.LoginTest" name="verifyInvalidLoginDetails" time="0.409"/>
  <testcase classname="com.saucedemo.qa.testcases.LoginTest" name="verifyCombinationsOfLoginDetails" time="0.419"/>
  <testcase classname="com.saucedemo.qa.testcases.LoginTest" name="verifyCombinationsOfLoginDetails" time="0.374"/>
  <testcase classname="com.saucedemo.qa.testcases.LoginTest" name="verifyCombinationsOfLoginDetails" time="0.379"/>
  <testcase classname="com.saucedemo.qa.testcases.LoginTest" name="verifyCombinationsOfLoginDetails" time="0.412"/>
  <testcase classname="com.saucedemo.qa.testcases.LoginTest" name="verifyCombinationsOfLoginDetails" time="5.364"/>
  <testcase classname="com.saucedemo.qa.testcases.LoginTest" name="verifyWithouUsernameAndPassword" time="0.266"/>
</testsuite> <!-- Sauce Demo Tests Chrome -->
