<?xml version="1.0" encoding="UTF-8"?>
<!-- Generated by org.testng.reporters.JUnitXMLReporter -->
<testsuite ignored="3" hostname="MacBook-Pro" failures="0" tests="1" name="Default test" time="7.082" errors="0" timestamp="2023-10-09T15:13:09 IST">
  <testcase classname="com.saucedemo.qa.testcases.InventoryPageTest" name="verifyLinkedinLink" time="0.166"/>
  <testcase classname="com.saucedemo.qa.testcases.InventoryPageTest" name="verifySortProductsAndAddToCart" time="0.0">
    <ignored/>
  </testcase> <!-- verifySortProductsAndAddToCart -->
  <testcase classname="com.saucedemo.qa.testcases.InventoryPageTest" name="verifyAddMultipleProducts" time="0.0">
    <ignored/>
  </testcase> <!-- verifyAddMultipleProducts -->
  <testcase classname="com.saucedemo.qa.testcases.InventoryPageTest" name="verifyFacebookLink" time="0.0">
    <ignored/>
  </testcase> <!-- verifyFacebookLink -->
</testsuite> <!-- Default test -->
