<?xml version="1.0" encoding="UTF-8"?>
<!-- Generated by org.testng.reporters.JUnitXMLReporter -->
<testsuite ignored="0" hostname="MacBook-Pro" failures="0" tests="4" name="Sauce Demo Tests" time="34.346" errors="0" timestamp="2023-10-04T21:11:01 IST">
  <testcase classname="com.saucedemo.qa.testcases.ProductPageTest" name="verifySortProductsAndAddToCart" time="0.572"/>
  <testcase classname="com.saucedemo.qa.testcases.ProductPageTest" name="verifyAddMultipleProducts" time="0.722"/>
  <testcase classname="com.saucedemo.qa.testcases.LoginTest" name="verifyValidLoginDetailsAndLogout" time="1.088"/>
  <testcase classname="com.saucedemo.qa.testcases.LoginTest" name="verifyInvalidLoginDetails" time="0.381"/>
</testsuite> <!-- Sauce Demo Tests -->
