<?xml version="1.0" encoding="UTF-8"?>
<testng-results ignored="0" total="9" passed="8" failed="1" skipped="0">
  <reporter-output>
  </reporter-output>
  <suite started-at="2023-10-04T21:05:46 IST" name="Command line suite" finished-at="2023-10-04T21:06:43 IST" duration-ms="56899">
    <groups>
    </groups>
    <test started-at="2023-10-04T21:05:46 IST" name="Command line test" finished-at="2023-10-04T21:06:43 IST" duration-ms="56899">
      <class name="com.saucedemo.qa.testcases.ProductPageTest">
        <test-method is-config="true" signature="setup()[pri:0, instance:com.saucedemo.qa.testcases.ProductPageTest@d35dea7]" started-at="2023-10-04T21:05:46 IST" name="setup" finished-at="2023-10-04T21:05:54 IST" duration-ms="7911" status="PASS">
          <reporter-output>
          </reporter-output>
        </test-method> <!-- setup -->
        <test-method signature="verifySortProductsAndAddToCart()[pri:1, instance:com.saucedemo.qa.testcases.ProductPageTest@d35dea7]" started-at="2023-10-04T21:05:54 IST" name="verifySortProductsAndAddToCart" finished-at="2023-10-04T21:05:55 IST" duration-ms="659" status="PASS">
          <reporter-output>
          </reporter-output>
        </test-method> <!-- verifySortProductsAndAddToCart -->
        <test-method is-config="true" signature="tearDown()[pri:0, instance:com.saucedemo.qa.testcases.ProductPageTest@d35dea7]" started-at="2023-10-04T21:05:55 IST" name="tearDown" finished-at="2023-10-04T21:05:55 IST" duration-ms="185" status="PASS">
          <reporter-output>
          </reporter-output>
        </test-method> <!-- tearDown -->
        <test-method is-config="true" signature="setup()[pri:0, instance:com.saucedemo.qa.testcases.ProductPageTest@d35dea7]" started-at="2023-10-04T21:05:55 IST" name="setup" finished-at="2023-10-04T21:05:58 IST" duration-ms="3346" status="PASS">
          <reporter-output>
          </reporter-output>
        </test-method> <!-- setup -->
        <test-method signature="verifyAddMultipleProducts()[pri:2, instance:com.saucedemo.qa.testcases.ProductPageTest@d35dea7]" started-at="2023-10-04T21:05:58 IST" name="verifyAddMultipleProducts" finished-at="2023-10-04T21:05:59 IST" duration-ms="804" status="PASS">
          <reporter-output>
          </reporter-output>
        </test-method> <!-- verifyAddMultipleProducts -->
        <test-method is-config="true" signature="tearDown()[pri:0, instance:com.saucedemo.qa.testcases.ProductPageTest@d35dea7]" started-at="2023-10-04T21:05:59 IST" name="tearDown" finished-at="2023-10-04T21:05:59 IST" duration-ms="178" status="PASS">
          <reporter-output>
          </reporter-output>
        </test-method> <!-- tearDown -->
      </class> <!-- com.saucedemo.qa.testcases.ProductPageTest -->
      <class name="com.saucedemo.qa.testcases.HomePageTest">
        <test-method is-config="true" signature="setup()[pri:0, instance:com.saucedemo.qa.testcases.HomePageTest@77f80c04]" started-at="2023-10-04T21:06:32 IST" name="setup" finished-at="2023-10-04T21:06:36 IST" duration-ms="3411" status="PASS">
          <reporter-output>
          </reporter-output>
        </test-method> <!-- setup -->
        <test-method signature="verifyRemoveProductFromCart()[pri:1, instance:com.saucedemo.qa.testcases.HomePageTest@77f80c04]" started-at="2023-10-04T21:06:36 IST" name="verifyRemoveProductFromCart" finished-at="2023-10-04T21:06:36 IST" duration-ms="191" status="PASS">
          <reporter-output>
          </reporter-output>
        </test-method> <!-- verifyRemoveProductFromCart -->
        <test-method is-config="true" signature="tearDown()[pri:0, instance:com.saucedemo.qa.testcases.HomePageTest@77f80c04]" started-at="2023-10-04T21:06:36 IST" name="tearDown" finished-at="2023-10-04T21:06:36 IST" duration-ms="121" status="PASS">
          <reporter-output>
          </reporter-output>
        </test-method> <!-- tearDown -->
        <test-method is-config="true" signature="setup()[pri:0, instance:com.saucedemo.qa.testcases.HomePageTest@77f80c04]" started-at="2023-10-04T21:06:36 IST" name="setup" finished-at="2023-10-04T21:06:42 IST" duration-ms="6440" status="PASS">
          <reporter-output>
          </reporter-output>
        </test-method> <!-- setup -->
        <test-method signature="verifyEndToEndFlow()[pri:2, instance:com.saucedemo.qa.testcases.HomePageTest@77f80c04]" started-at="2023-10-04T21:06:42 IST" name="verifyEndToEndFlow" finished-at="2023-10-04T21:06:43 IST" duration-ms="772" status="PASS">
          <reporter-output>
          </reporter-output>
        </test-method> <!-- verifyEndToEndFlow -->
        <test-method is-config="true" signature="tearDown()[pri:0, instance:com.saucedemo.qa.testcases.HomePageTest@77f80c04]" started-at="2023-10-04T21:06:43 IST" name="tearDown" finished-at="2023-10-04T21:06:43 IST" duration-ms="121" status="PASS">
          <reporter-output>
          </reporter-output>
        </test-method> <!-- tearDown -->
      </class> <!-- com.saucedemo.qa.testcases.HomePageTest -->
      <class name="com.saucedemo.qa.testcases.LoginTest">
        <test-method is-config="true" signature="setup()[pri:0, instance:com.saucedemo.qa.testcases.LoginTest@4e3958e7]" started-at="2023-10-04T21:05:59 IST" name="setup" finished-at="2023-10-04T21:06:06 IST" duration-ms="6606" status="PASS">
          <reporter-output>
          </reporter-output>
        </test-method> <!-- setup -->
        <test-method signature="verifyValidLoginDetailsAndLogout()[pri:1, instance:com.saucedemo.qa.testcases.LoginTest@4e3958e7]" started-at="2023-10-04T21:06:06 IST" name="verifyValidLoginDetailsAndLogout" finished-at="2023-10-04T21:06:07 IST" duration-ms="585" status="PASS">
          <reporter-output>
          </reporter-output>
        </test-method> <!-- verifyValidLoginDetailsAndLogout -->
        <test-method is-config="true" signature="tearDown()[pri:0, instance:com.saucedemo.qa.testcases.LoginTest@4e3958e7]" started-at="2023-10-04T21:06:07 IST" name="tearDown" finished-at="2023-10-04T21:06:07 IST" duration-ms="182" status="PASS">
          <reporter-output>
          </reporter-output>
        </test-method> <!-- tearDown -->
        <test-method is-config="true" signature="setup()[pri:0, instance:com.saucedemo.qa.testcases.LoginTest@4e3958e7]" started-at="2023-10-04T21:06:07 IST" name="setup" finished-at="2023-10-04T21:06:10 IST" duration-ms="3155" status="PASS">
          <reporter-output>
          </reporter-output>
        </test-method> <!-- setup -->
        <test-method signature="verifyInvalidLoginDetails()[pri:2, instance:com.saucedemo.qa.testcases.LoginTest@4e3958e7]" started-at="2023-10-04T21:06:10 IST" name="verifyInvalidLoginDetails" finished-at="2023-10-04T21:06:10 IST" duration-ms="472" status="PASS">
          <reporter-output>
          </reporter-output>
        </test-method> <!-- verifyInvalidLoginDetails -->
        <test-method is-config="true" signature="tearDown()[pri:0, instance:com.saucedemo.qa.testcases.LoginTest@4e3958e7]" started-at="2023-10-04T21:06:10 IST" name="tearDown" finished-at="2023-10-04T21:06:11 IST" duration-ms="179" status="PASS">
          <reporter-output>
          </reporter-output>
        </test-method> <!-- tearDown -->
        <test-method is-config="true" signature="setup()[pri:0, instance:com.saucedemo.qa.testcases.LoginTest@4e3958e7]" started-at="2023-10-04T21:06:11 IST" name="setup" finished-at="2023-10-04T21:06:14 IST" duration-ms="2669" status="PASS">
          <reporter-output>
          </reporter-output>
        </test-method> <!-- setup -->
        <test-method signature="verifyCombinationsOfLoginDetails(java.lang.String,java.lang.String)[pri:3, instance:com.saucedemo.qa.testcases.LoginTest@4e3958e7]" started-at="2023-10-04T21:06:14 IST" name="verifyCombinationsOfLoginDetails" data-provider="credentialSupplier" finished-at="2023-10-04T21:06:24 IST" duration-ms="10445" status="FAIL">
          <params>
            <param index="0">
              <value>
                <![CDATA[standard_user]]>
              </value>
            </param>
            <param index="1">
              <value>
                <![CDATA[secret_sauce]]>
              </value>
            </param>
          </params>
          <exception class="org.openqa.selenium.NoSuchElementException">
            <message>
              <![CDATA[no such element: Unable to locate element: {"method":"xpath","selector":"//div[@class='error-message-container error']"}
  (Session info: chrome=117.0.5938.132)
For documentation on this error, please visit: https://www.selenium.dev/documentation/webdriver/troubleshooting/errors#no-such-element-exception
Build info: version: '4.11.0', revision: '040bc5406b'
System info: os.name: 'Mac OS X', os.arch: 'x86_64', os.version: '13.3.1', java.version: '19.0.2'
Driver info: org.openqa.selenium.chrome.ChromeDriver
Command: [d9f2c5ef54ba652d2e277485c756d1c4, findElement {using=xpath, value=//div[@class='error-message-container error']}]
Capabilities {acceptInsecureCerts: false, browserName: chrome, browserVersion: 117.0.5938.132, chrome: {chromedriverVersion: 117.0.5938.92 (67649b10b92b..., userDataDir: /var/folders/wn/z0j2v1rj00l...}, fedcm:accounts: true, goog:chromeOptions: {debuggerAddress: localhost:50632}, networkConnectionEnabled: false, pageLoadStrategy: normal, platformName: mac, proxy: Proxy(), se:cdp: ws://localhost:50632/devtoo..., se:cdpVersion: 117.0.5938.132, setWindowRect: true, strictFileInteractability: false, timeouts: {implicit: 0, pageLoad: 300000, script: 30000}, unhandledPromptBehavior: dismiss and notify, webauthn:extension:credBlob: true, webauthn:extension:largeBlob: true, webauthn:extension:minPinLength: true, webauthn:extension:prf: true, webauthn:virtualAuthenticators: true}
Session ID: d9f2c5ef54ba652d2e277485c756d1c4]]>
            </message>
            <full-stacktrace>
              <![CDATA[org.openqa.selenium.NoSuchElementException: no such element: Unable to locate element: {"method":"xpath","selector":"//div[@class='error-message-container error']"}
  (Session info: chrome=117.0.5938.132)
For documentation on this error, please visit: https://www.selenium.dev/documentation/webdriver/troubleshooting/errors#no-such-element-exception
Build info: version: '4.11.0', revision: '040bc5406b'
System info: os.name: 'Mac OS X', os.arch: 'x86_64', os.version: '13.3.1', java.version: '19.0.2'
Driver info: org.openqa.selenium.chrome.ChromeDriver
Command: [d9f2c5ef54ba652d2e277485c756d1c4, findElement {using=xpath, value=//div[@class='error-message-container error']}]
Capabilities {acceptInsecureCerts: false, browserName: chrome, browserVersion: 117.0.5938.132, chrome: {chromedriverVersion: 117.0.5938.92 (67649b10b92b..., userDataDir: /var/folders/wn/z0j2v1rj00l...}, fedcm:accounts: true, goog:chromeOptions: {debuggerAddress: localhost:50632}, networkConnectionEnabled: false, pageLoadStrategy: normal, platformName: mac, proxy: Proxy(), se:cdp: ws://localhost:50632/devtoo..., se:cdpVersion: 117.0.5938.132, setWindowRect: true, strictFileInteractability: false, timeouts: {implicit: 0, pageLoad: 300000, script: 30000}, unhandledPromptBehavior: dismiss and notify, webauthn:extension:credBlob: true, webauthn:extension:largeBlob: true, webauthn:extension:minPinLength: true, webauthn:extension:prf: true, webauthn:virtualAuthenticators: true}
Session ID: d9f2c5ef54ba652d2e277485c756d1c4
at java.base/jdk.internal.reflect.DirectConstructorHandleAccessor.newInstance(DirectConstructorHandleAccessor.java:67)
at java.base/java.lang.reflect.Constructor.newInstanceWithCaller(Constructor.java:500)
at java.base/java.lang.reflect.Constructor.newInstance(Constructor.java:484)
at org.openqa.selenium.remote.codec.w3c.W3CHttpResponseCodec.createException(W3CHttpResponseCodec.java:200)
at org.openqa.selenium.remote.codec.w3c.W3CHttpResponseCodec.decode(W3CHttpResponseCodec.java:133)
at org.openqa.selenium.remote.codec.w3c.W3CHttpResponseCodec.decode(W3CHttpResponseCodec.java:52)
at org.openqa.selenium.remote.HttpCommandExecutor.execute(HttpCommandExecutor.java:191)
at org.openqa.selenium.remote.service.DriverCommandExecutor.invokeExecute(DriverCommandExecutor.java:196)
at org.openqa.selenium.remote.service.DriverCommandExecutor.execute(DriverCommandExecutor.java:171)
at org.openqa.selenium.remote.RemoteWebDriver.execute(RemoteWebDriver.java:518)
at org.openqa.selenium.remote.ElementLocation$ElementFinder$2.findElement(ElementLocation.java:165)
at org.openqa.selenium.remote.ElementLocation.findElement(ElementLocation.java:59)
at org.openqa.selenium.remote.RemoteWebDriver.findElement(RemoteWebDriver.java:355)
at org.openqa.selenium.remote.RemoteWebDriver.findElement(RemoteWebDriver.java:349)
at org.openqa.selenium.support.pagefactory.DefaultElementLocator.findElement(DefaultElementLocator.java:68)
at org.openqa.selenium.support.pagefactory.internal.LocatingElementHandler.invoke(LocatingElementHandler.java:38)
at jdk.proxy2/jdk.proxy2.$Proxy14.getText(Unknown Source)
at com.saucedemo.qa.pages.LoginPage.retriveLoginErrorMessage(LoginPage.java:41)
at com.saucedemo.qa.testcases.LoginTest.verifyCombinationsOfLoginDetails(LoginTest.java:55)
at java.base/jdk.internal.reflect.DirectMethodHandleAccessor.invoke(DirectMethodHandleAccessor.java:104)
at java.base/java.lang.reflect.Method.invoke(Method.java:578)
at org.testng.internal.invokers.MethodInvocationHelper.invokeMethod(MethodInvocationHelper.java:139)
at org.testng.internal.invokers.TestInvoker.invokeMethod(TestInvoker.java:664)
at org.testng.internal.invokers.TestInvoker.invokeTestMethod(TestInvoker.java:227)
at org.testng.internal.invokers.MethodRunner.runInSequence(MethodRunner.java:50)
at org.testng.internal.invokers.TestInvoker$MethodInvocationAgent.invoke(TestInvoker.java:957)
at org.testng.internal.invokers.TestInvoker.invokeTestMethods(TestInvoker.java:200)
at org.testng.internal.invokers.TestMethodWorker.invokeTestMethods(TestMethodWorker.java:148)
at org.testng.internal.invokers.TestMethodWorker.run(TestMethodWorker.java:128)
at java.base/java.util.ArrayList.forEach(ArrayList.java:1511)
at org.testng.TestRunner.privateRun(TestRunner.java:848)
at org.testng.TestRunner.run(TestRunner.java:621)
at org.testng.SuiteRunner.runTest(SuiteRunner.java:443)
at org.testng.SuiteRunner.runSequentially(SuiteRunner.java:437)
at org.testng.SuiteRunner.privateRun(SuiteRunner.java:397)
at org.testng.SuiteRunner.run(SuiteRunner.java:336)
at org.testng.SuiteRunnerWorker.runSuite(SuiteRunnerWorker.java:52)
at org.testng.SuiteRunnerWorker.run(SuiteRunnerWorker.java:95)
at org.testng.TestNG.runSuitesSequentially(TestNG.java:1280)
at org.testng.TestNG.runSuitesLocally(TestNG.java:1200)
at org.testng.TestNG.runSuites(TestNG.java:1114)
at org.testng.TestNG.run(TestNG.java:1082)
at org.apache.maven.surefire.testng.TestNGExecutor.run(TestNGExecutor.java:77)
at org.apache.maven.surefire.testng.TestNGDirectoryTestSuite.executeMulti(TestNGDirectoryTestSuite.java:159)
at org.apache.maven.surefire.testng.TestNGDirectoryTestSuite.execute(TestNGDirectoryTestSuite.java:99)
at org.apache.maven.surefire.testng.TestNGProvider.invoke(TestNGProvider.java:106)
at java.base/jdk.internal.reflect.DirectMethodHandleAccessor.invoke(DirectMethodHandleAccessor.java:104)
at java.base/java.lang.reflect.Method.invoke(Method.java:578)
at org.apache.maven.surefire.util.ReflectionUtils.invokeMethodWithArray(ReflectionUtils.java:189)
at org.apache.maven.surefire.booter.ProviderFactory$ProviderProxy.invoke(ProviderFactory.java:165)
at org.apache.maven.surefire.booter.ProviderFactory.invokeProvider(ProviderFactory.java:85)
at org.apache.maven.surefire.booter.ForkedBooter.runSuitesInProcess(ForkedBooter.java:115)
at org.apache.maven.surefire.booter.ForkedBooter.main(ForkedBooter.java:75)
]]>
            </full-stacktrace>
          </exception> <!-- org.openqa.selenium.NoSuchElementException -->
          <reporter-output>
          </reporter-output>
        </test-method> <!-- verifyCombinationsOfLoginDetails -->
        <test-method is-config="true" signature="tearDown()[pri:0, instance:com.saucedemo.qa.testcases.LoginTest@4e3958e7]" started-at="2023-10-04T21:06:24 IST" name="tearDown" finished-at="2023-10-04T21:06:24 IST" duration-ms="128" status="PASS">
          <reporter-output>
          </reporter-output>
        </test-method> <!-- tearDown -->
        <test-method is-config="true" signature="setup()[pri:0, instance:com.saucedemo.qa.testcases.LoginTest@4e3958e7]" started-at="2023-10-04T21:06:24 IST" name="setup" finished-at="2023-10-04T21:06:28 IST" duration-ms="3523" status="PASS">
          <reporter-output>
          </reporter-output>
        </test-method> <!-- setup -->
        <test-method signature="verifyCombinationsOfLoginDetails(java.lang.String,java.lang.String)[pri:3, instance:com.saucedemo.qa.testcases.LoginTest@4e3958e7]" started-at="2023-10-04T21:06:28 IST" name="verifyCombinationsOfLoginDetails" data-provider="credentialSupplier" finished-at="2023-10-04T21:06:28 IST" duration-ms="394" status="PASS">
          <params>
            <param index="0">
              <value>
                <![CDATA[standard_user123]]>
              </value>
            </param>
            <param index="1">
              <value>
                <![CDATA[secret_sauce123]]>
              </value>
            </param>
          </params>
          <reporter-output>
          </reporter-output>
        </test-method> <!-- verifyCombinationsOfLoginDetails -->
        <test-method is-config="true" signature="tearDown()[pri:0, instance:com.saucedemo.qa.testcases.LoginTest@4e3958e7]" started-at="2023-10-04T21:06:28 IST" name="tearDown" finished-at="2023-10-04T21:06:28 IST" duration-ms="136" status="PASS">
          <reporter-output>
          </reporter-output>
        </test-method> <!-- tearDown -->
        <test-method is-config="true" signature="setup()[pri:0, instance:com.saucedemo.qa.testcases.LoginTest@4e3958e7]" started-at="2023-10-04T21:06:28 IST" name="setup" finished-at="2023-10-04T21:06:32 IST" duration-ms="3160" status="PASS">
          <reporter-output>
          </reporter-output>
        </test-method> <!-- setup -->
        <test-method signature="verifyCombinationsOfLoginDetails(java.lang.String,java.lang.String)[pri:3, instance:com.saucedemo.qa.testcases.LoginTest@4e3958e7]" started-at="2023-10-04T21:06:32 IST" name="verifyCombinationsOfLoginDetails" data-provider="credentialSupplier" finished-at="2023-10-04T21:06:32 IST" duration-ms="436" status="PASS">
          <params>
            <param index="0">
              <value>
                <![CDATA[standard_user123456]]>
              </value>
            </param>
            <param index="1">
              <value>
                <![CDATA[secret_sauce123456]]>
              </value>
            </param>
          </params>
          <reporter-output>
          </reporter-output>
        </test-method> <!-- verifyCombinationsOfLoginDetails -->
        <test-method is-config="true" signature="tearDown()[pri:0, instance:com.saucedemo.qa.testcases.LoginTest@4e3958e7]" started-at="2023-10-04T21:06:32 IST" name="tearDown" finished-at="2023-10-04T21:06:32 IST" duration-ms="106" status="PASS">
          <reporter-output>
          </reporter-output>
        </test-method> <!-- tearDown -->
      </class> <!-- com.saucedemo.qa.testcases.LoginTest -->
    </test> <!-- Command line test -->
  </suite> <!-- Command line suite -->
</testng-results>
