<?xml version="1.0" encoding="UTF-8"?>
<testng-results ignored="0" total="1" passed="1" failed="0" skipped="0">
  <reporter-output>
  </reporter-output>
  <suite started-at="2023-10-09T15:13:02 IST" name="Default suite" finished-at="2023-10-09T15:13:09 IST" duration-ms="7082">
    <groups>
    </groups>
    <test started-at="2023-10-09T15:13:02 IST" name="Default test" finished-at="2023-10-09T15:13:09 IST" duration-ms="7082">
      <class name="com.saucedemo.qa.testcases.InventoryPageTest">
        <test-method is-config="true" signature="setup()[pri:0, instance:com.saucedemo.qa.testcases.InventoryPageTest@121314f7]" started-at="2023-10-09T15:13:02 IST" name="setup" finished-at="2023-10-09T15:13:09 IST" duration-ms="6749" status="PASS">
          <reporter-output>
          </reporter-output>
        </test-method> <!-- setup -->
        <test-method signature="verifyLinkedinLink()[pri:4, instance:com.saucedemo.qa.testcases.InventoryPageTest@121314f7]" started-at="2023-10-09T15:13:09 IST" name="verifyLinkedinLink" finished-at="2023-10-09T15:13:09 IST" duration-ms="166" status="PASS">
          <reporter-output>
          </reporter-output>
        </test-method> <!-- verifyLinkedinLink -->
        <test-method is-config="true" signature="tearDown()[pri:0, instance:com.saucedemo.qa.testcases.InventoryPageTest@121314f7]" started-at="2023-10-09T15:13:09 IST" name="tearDown" finished-at="2023-10-09T15:13:09 IST" duration-ms="133" status="PASS">
          <reporter-output>
          </reporter-output>
        </test-method> <!-- tearDown -->
      </class> <!-- com.saucedemo.qa.testcases.InventoryPageTest -->
    </test> <!-- Default test -->
  </suite> <!-- Default suite -->
</testng-results>
